{
  "stats": {
    "suites": 1,
    "tests": 1,
    "passes": 1,
    "pending": 0,
    "failures": 0,
    "start": "2021-09-13T20:20:35.385Z",
    "end": "2021-09-13T20:20:53.285Z",
    "duration": 17900,
    "testsRegistered": 1,
    "passPercent": 100,
    "pendingPercent": 0,
    "other": 0,
    "hasOther": false,
    "skipped": 0,
    "hasSkipped": false
  },
  "results": [
    {
      "uuid": "67ce08d5-b241-4a07-8e54-71c960429709",
      "title": "",
      "fullFile": "cypress/integration/TestCases/singleOnlineEvent.js",
      "file": "cypress/integration/TestCases/singleOnlineEvent.js",
      "beforeHooks": [],
      "afterHooks": [],
      "tests": [],
      "suites": [
        {
          "uuid": "591822d8-aabd-426b-a715-708706e4d669",
          "title": "Test",
          "fullFile": "",
          "file": "",
          "beforeHooks": [],
          "afterHooks": [],
          "tests": [
            {
              "title": "create single online event",
              "fullTitle": "Test create single online event",
              "timedOut": null,
              "duration": 16697,
              "state": "passed",
              "speed": "slow",
              "pass": true,
              "fail": false,
              "pending": false,
              "context": null,
              "code": "const Event = new _event.default();\nEvent.createnewEvent().click();\nEvent.onlineEvent().click();\nEvent.saveEventType().should('be.enabled');\nEvent.saveEventType().click();\nEvent.eventName().type(this.data.eventName);\nEvent.eventdescription().type(this.data.eventDesc);\nEvent.category().click();\ncy.contains(this.data.category).click();\nconst filepath = 'images/banner.jpg';\ncy.get('input[type=\"file\"]').attachFile(filepath);\nEvent.uploadImage().click();\ncy.wait(3000);\nEvent.eventStartDay().type(this.data.startDay);\nEvent.eventStartTime().type(this.data.endTime);\nEvent.eventEndDay().clear().type(this.data.endDay);\nEvent.eventEndTime().clear().type(this.data.endTime);\nEvent.website().type(this.data.website);\nEvent.saveEvent().click();\nconst Ticket = new _ticket.default();\nTicket.selectLinkType();\nTicket.addLink();\nTicket.saveLink().should('be.visible');\nTicket.saveLink().click();",
              "err": {},
              "uuid": "d9117dbc-75c6-4dc2-ad22-a84378a24ffa",
              "parentUUID": "591822d8-aabd-426b-a715-708706e4d669",
              "isHook": false,
              "skipped": false
            }
          ],
          "suites": [],
          "passes": [
            "d9117dbc-75c6-4dc2-ad22-a84378a24ffa"
          ],
          "failures": [],
          "pending": [],
          "skipped": [],
          "duration": 16697,
          "root": false,
          "rootEmpty": false,
          "_timeout": 2000
        }
      ],
      "passes": [],
      "failures": [],
      "pending": [],
      "skipped": [],
      "duration": 0,
      "root": true,
      "rootEmpty": true,
      "_timeout": 2000
    }
  ],
  "meta": {
    "mocha": {
      "version": "7.0.1"
    },
    "mochawesome": {
      "options": {
        "quiet": false,
        "reportFilename": "mochawesome",
        "saveHtml": true,
        "saveJson": true,
        "consoleReporter": "spec",
        "useInlineDiffs": false,
        "code": true
      },
      "version": "6.2.2"
    },
    "marge": {
      "options": null,
      "version": "5.2.0"
    }
  }
}